SF:lib/app/domain/entities/user_model.dart
DA:4,2
DA:6,1
DA:9,1
DA:10,1
LF:4
LH:4
end_of_record
SF:lib/app/bloc/app_event.dart
DA:4,1
DA:6,1
DA:7,1
DA:15,0
LF:4
LH:3
end_of_record
SF:lib/app/bloc/app_state.dart
DA:5,10
DA:7,1
DA:8,2
DA:12,3
DA:16,0
DA:20,0
DA:24,7
DA:32,10
DA:38,1
DA:43,1
DA:44,1
DA:45,1
DA:46,1
DA:50,1
DA:51,1
DA:52,1
DA:53,1
DA:54,1
LF:18
LH:16
end_of_record
SF:lib/app/bloc/app_bloc.dart
DA:15,2
DA:16,8
DA:17,4
DA:18,4
DA:19,4
DA:22,1
DA:23,2
DA:24,1
DA:25,0
DA:28,0
DA:29,0
DA:30,0
DA:31,0
DA:34,0
DA:35,0
DA:36,0
LF:16
LH:8
end_of_record
SF:lib/app/core/preferences.dart
DA:6,0
DA:7,0
DA:10,0
DA:11,0
DA:14,0
DA:15,0
DA:18,0
DA:19,0
DA:23,0
LF:9
LH:0
end_of_record
SF:lib/app/core/repositories/user_repository.dart
DA:19,2
DA:25,0
DA:28,0
DA:36,0
DA:42,0
DA:53,0
DA:59,0
DA:70,0
DA:73,0
LF:9
LH:1
end_of_record
SF:lib/app/config/router.dart
DA:5,0
DA:6,0
DA:8,0
DA:10,0
DA:12,0
DA:14,0
DA:16,0
DA:18,0
DA:20,0
DA:22,0
DA:25,0
LF:11
LH:0
end_of_record
SF:lib/app/config/theme.dart
DA:8,1
DA:10,1
DA:11,1
DA:12,1
DA:19,1
DA:21,1
DA:22,1
DA:24,1
DA:25,1
DA:26,1
DA:29,1
DA:30,1
DA:31,1
DA:32,1
DA:33,1
DA:36,1
DA:44,1
DA:45,1
DA:50,1
DA:55,1
DA:60,1
DA:65,1
DA:70,1
DA:75,1
DA:80,1
DA:85,1
DA:92,1
DA:93,2
LF:28
LH:28
end_of_record
SF:lib/app/core/repositories/products_repository.dart
DA:12,1
DA:18,1
DA:21,2
DA:22,1
DA:23,1
DA:24,2
DA:27,0
LF:7
LH:6
end_of_record
SF:lib/app/domain/entities/product_model.dart
DA:14,2
DA:24,1
DA:25,1
DA:26,1
DA:27,1
DA:28,1
DA:29,1
DA:30,1
DA:31,1
DA:32,2
DA:36,1
DA:37,1
DA:38,2
DA:39,1
DA:40,2
DA:41,1
DA:42,1
DA:43,1
DA:44,2
DA:48,3
DA:50,1
DA:51,2
DA:53,0
DA:56,1
DA:58,1
DA:59,1
DA:60,1
DA:61,1
DA:62,1
DA:63,1
DA:64,1
DA:65,1
DA:74,2
DA:79,1
DA:80,1
DA:81,1
DA:82,1
DA:86,1
DA:87,1
DA:88,2
DA:89,2
DA:93,3
DA:95,1
DA:96,2
DA:98,0
DA:101,1
DA:102,1
DA:103,1
DA:104,1
LF:49
LH:47
end_of_record
SF:lib/app/data/source/remote/products_source.dart
DA:5,1
DA:8,1
DA:10,2
DA:11,2
DA:14,2
DA:15,1
DA:17,0
LF:7
LH:6
end_of_record
SF:lib/app/data/source/remote/user_source.dart
DA:6,2
DA:9,0
DA:11,0
DA:15,0
DA:21,0
DA:23,0
DA:27,0
DA:33,0
DA:35,0
DA:36,0
DA:42,0
DA:44,0
LF:12
LH:1
end_of_record
SF:lib/app/presentation/screens/home/bloc/home_state.dart
DA:5,9
DA:7,1
DA:8,2
DA:12,8
DA:16,1
DA:20,1
DA:24,1
DA:29,1
DA:30,5
DA:36,9
DA:40,1
DA:43,1
DA:44,1
DA:48,1
DA:49,1
DA:50,1
LF:16
LH:16
end_of_record
SF:lib/app/presentation/screens/home/bloc/home_bloc.dart
DA:13,1
DA:14,1
DA:15,2
DA:18,1
DA:22,4
DA:24,2
DA:25,3
DA:27,6
LF:8
LH:8
end_of_record
SF:lib/app/presentation/screens/home/bloc/home_event.dart
DA:4,8
DA:6,1
DA:7,1
DA:11,8
LF:4
LH:4
end_of_record
SF:lib/app/presentation/screens/home/home_screen.dart
DA:12,7
DA:14,0
DA:16,0
DA:17,0
DA:18,0
DA:19,0
DA:20,0
DA:23,0
DA:24,0
DA:25,0
DA:26,0
DA:28,0
DA:29,0
DA:30,0
DA:31,0
DA:32,0
DA:33,0
DA:34,0
DA:35,0
DA:36,0
DA:38,0
DA:44,0
DA:45,0
DA:46,0
DA:52,0
DA:54,0
DA:55,0
DA:56,0
DA:61,0
DA:63,0
DA:64,0
DA:65,0
DA:67,0
LF:33
LH:1
end_of_record
SF:lib/app/presentation/screens/home/widgets/product_card_widget.dart
DA:11,0
DA:18,0
DA:20,0
DA:21,0
DA:22,0
DA:23,0
DA:24,0
DA:26,0
DA:27,0
DA:28,0
DA:29,0
DA:30,0
DA:33,0
DA:34,0
DA:41,0
DA:42,0
DA:44,0
DA:45,0
DA:46,0
DA:47,0
DA:48,0
DA:49,0
DA:50,0
DA:55,0
DA:56,0
DA:57,0
DA:59,0
DA:63,0
DA:75,0
DA:78,0
DA:79,0
DA:80,0
DA:87,0
DA:88,0
DA:89,0
DA:91,0
DA:93,0
DA:94,0
LF:38
LH:0
end_of_record
SF:lib/app/presentation/screens/login/bloc/login_state.dart
DA:5,1
DA:7,1
DA:8,2
DA:12,1
DA:16,0
DA:20,0
DA:24,0
DA:29,0
DA:30,0
DA:34,1
DA:42,1
DA:48,1
DA:53,1
DA:54,1
DA:55,1
DA:56,1
DA:60,1
DA:61,1
DA:62,1
DA:63,1
DA:64,1
LF:21
LH:16
end_of_record
SF:lib/app/presentation/screens/login/bloc/login_event.dart
DA:4,8
DA:6,1
DA:7,1
DA:11,8
DA:15,8
LF:5
LH:5
end_of_record
SF:lib/app/presentation/screens/login/bloc/login_bloc.dart
DA:13,1
DA:16,3
DA:17,1
DA:18,1
DA:20,2
DA:21,2
DA:27,1
DA:28,1
DA:29,0
DA:31,0
DA:32,0
DA:33,0
DA:35,0
DA:36,0
DA:38,0
DA:39,0
DA:43,0
DA:48,1
DA:49,2
DA:50,6
LF:20
LH:11
end_of_record
SF:lib/app/presentation/screens/login/login_screen.dart
DA:13,7
DA:15,0
DA:17,0
DA:18,0
DA:19,0
DA:20,0
DA:22,0
DA:23,0
DA:24,0
DA:25,0
DA:27,0
DA:29,0
DA:30,0
DA:31,0
DA:32,0
DA:34,0
DA:35,0
DA:36,0
DA:37,0
DA:40,0
DA:41,0
DA:43,0
DA:45,0
DA:46,0
DA:47,0
DA:48,0
DA:49,0
DA:58,0
DA:59,0
DA:60,0
DA:64,0
DA:65,0
DA:67,0
DA:70,0
DA:71,0
DA:72,0
DA:73,0
DA:74,0
DA:78,0
DA:79,0
DA:81,0
DA:84,0
DA:85,0
DA:86,0
DA:87,0
DA:88,0
DA:90,0
DA:91,0
DA:93,0
DA:94,0
DA:98,0
DA:101,0
DA:102,0
DA:105,0
DA:106,0
DA:107,0
DA:110,0
DA:111,0
DA:112,0
DA:116,0
DA:117,0
DA:120,0
DA:122,0
DA:123,0
DA:124,0
DA:125,0
DA:126,0
DA:127,0
DA:128,0
DA:130,0
DA:131,0
DA:132,0
DA:134,0
DA:135,0
DA:136,0
DA:137,0
DA:138,0
DA:139,0
DA:140,0
LF:79
LH:1
end_of_record
SF:lib/app/utils/localization.dart
DA:5,0
DA:9,0
LF:2
LH:0
end_of_record
SF:lib/app/presentation/screens/register/bloc/register_event.dart
DA:4,8
DA:6,1
DA:7,1
DA:11,8
DA:15,8
LF:5
LH:5
end_of_record
SF:lib/app/presentation/screens/register/bloc/register_state.dart
DA:5,1
DA:7,1
DA:8,2
DA:12,1
DA:16,1
DA:20,1
DA:25,1
DA:26,5
DA:30,0
DA:33,0
DA:34,0
DA:38,0
DA:48,1
DA:54,1
DA:59,1
DA:60,1
DA:61,1
DA:62,1
DA:66,1
DA:67,1
DA:68,1
DA:69,1
DA:70,1
LF:23
LH:19
end_of_record
SF:lib/app/presentation/screens/register/bloc/register_bloc.dart
DA:13,1
DA:15,3
DA:16,1
DA:17,1
DA:19,2
DA:20,2
DA:25,1
DA:29,5
DA:30,3
DA:34,1
DA:38,5
DA:39,2
DA:40,3
DA:43,0
DA:45,0
DA:46,0
DA:51,0
DA:52,0
DA:53,0
DA:57,0
DA:60,0
DA:61,0
DA:62,0
DA:64,0
DA:65,0
DA:67,0
DA:68,0
LF:27
LH:13
end_of_record
SF:lib/app/utils/string.dart
DA:2,0
DA:3,0
DA:4,0
DA:10,0
DA:11,0
DA:14,0
DA:15,0
LF:7
LH:0
end_of_record
SF:lib/app/presentation/screens/register/register_screen.dart
DA:11,7
DA:13,0
DA:15,0
DA:16,0
DA:17,0
DA:19,0
DA:20,0
DA:21,0
DA:22,0
DA:26,0
DA:27,0
DA:28,0
DA:36,0
DA:38,0
DA:40,0
DA:41,0
DA:42,0
DA:43,0
DA:45,0
DA:46,0
DA:47,0
DA:48,0
DA:51,0
DA:52,0
DA:54,0
DA:56,0
DA:57,0
DA:58,0
DA:59,0
DA:60,0
DA:69,0
DA:70,0
DA:71,0
DA:74,0
DA:77,0
DA:82,0
DA:83,0
DA:88,0
DA:89,0
DA:90,0
DA:91,0
DA:93,0
DA:94,0
DA:96,0
DA:97,0
DA:101,0
DA:104,0
DA:109,0
DA:110,0
DA:111,0
DA:112,0
DA:114,0
DA:115,0
DA:116,0
LF:54
LH:1
end_of_record
SF:lib/app/presentation/screens/splash/splash_screen.dart
DA:11,7
DA:13,0
DA:15,0
DA:16,0
DA:18,0
DA:19,0
DA:20,0
DA:21,0
DA:22,0
DA:24,0
DA:28,0
DA:29,0
DA:30,0
DA:31,0
DA:33,0
DA:36,0
LF:16
LH:1
end_of_record
SF:lib/app/presentation/widgets/button_widget.dart
DA:4,0
DA:13,0
DA:15,0
DA:16,0
DA:17,0
LF:5
LH:0
end_of_record
SF:lib/app/presentation/widgets/logo_widget.dart
DA:6,21
DA:8,0
DA:9,0
DA:16,0
DA:18,0
DA:19,0
DA:21,0
DA:22,0
DA:25,0
DA:27,0
DA:28,0
DA:29,0
DA:33,0
LF:13
LH:1
end_of_record
SF:lib/app/presentation/widgets/textfield_widget.dart
DA:6,0
DA:29,0
DA:31,0
DA:32,0
DA:33,0
DA:34,0
DA:35,0
DA:36,0
DA:38,0
DA:39,0
DA:40,0
DA:41,0
DA:46,0
DA:47,0
DA:52,0
DA:53,0
DA:58,0
DA:59,0
DA:62,0
DA:63,0
DA:70,0
DA:71,0
DA:73,0
LF:23
LH:0
end_of_record
